\BOOKMARK [1][-]{section.1}{\376\377\006\105\006\102\006\057\006\105\006\107}{}% 1
\BOOKMARK [1][-]{section.2}{\376\377\006\052\006\071\006\047\006\061\006\314\006\101\000\040\006\047\006\110\006\104\006\314\006\107}{}% 2
\BOOKMARK [2][-]{subsection.2.1}{\376\377\006\105\006\057\006\104\040\014\006\107\006\047\006\314\000\040\006\047\006\052\006\110\006\061\006\314\006\257\006\061\006\063\006\314\006\110}{section.2}% 3
\BOOKMARK [2][-]{subsection.2.2}{\376\377\006\101\006\314\006\104\006\052\006\061}{section.2}% 4
\BOOKMARK [1][-]{section.3}{\376\377\006\105\006\071\006\061\006\101\006\314\000\040\006\105\006\063\006\047\006\104\006\107\000\040\006\057\006\047\006\057\006\107\040\014\006\251\006\047\006\110\006\314}{}% 5
\BOOKMARK [2][-]{subsection.3.1}{\376\377\006\065\006\110\006\061\006\052\000\040\006\105\006\063\006\047\006\104\006\107\000\040\006\110\000\040\006\057\006\047\006\057\006\107\040\014\006\107\006\047}{section.3}% 6
\BOOKMARK [2][-]{subsection.3.2}{\376\377\006\052\006\056\006\105\006\314\006\106\000\040\006\055\006\047\006\101\006\070\006\107\000\040\006\105\006\110\006\053\006\061}{section.3}% 7
\BOOKMARK [2][-]{subsection.3.3}{\376\377\006\052\006\056\006\105\006\314\006\106\000\040\006\063\006\047\006\314\006\062\000\040\006\105\006\106\006\047\006\063\006\050\000\040\006\050\006\061\006\047\006\314\000\040\006\314\006\047\006\057\006\257\006\314\006\061\006\314\000\040\006\057\006\314\006\106\006\047\006\105\006\314\006\251\000\040\006\105\006\063\006\047\006\104\006\107}{section.3}% 8
\BOOKMARK [2][-]{subsection.3.4}{\376\377\006\052\006\107\006\314\006\107\000\040\006\052\006\071\006\057\006\047\006\057\006\314\000\040\006\110\006\314\006\230\006\257\006\314\000\040\000\050\006\251\006\106\006\052\006\061\006\104\000\040\006\057\006\314\006\106\006\047\006\105\006\314\006\251\000\051}{section.3}% 9
\BOOKMARK [1][-]{section.4}{\376\377\006\101\006\314\006\104\006\052\006\061\000\040\006\251\006\047\006\104\006\105\006\106}{}% 10
\BOOKMARK [2][-]{subsection.4.1}{\376\377\006\052\006\071\006\061\006\314\006\101}{section.4}% 11
\BOOKMARK [2][-]{subsection.4.2}{\376\377\006\047\006\104\006\257\006\110\006\061\006\314\006\052\006\105}{section.4}% 12
\BOOKMARK [2][-]{subsection.4.3}{\376\377\006\052\006\055\006\104\006\314\006\104\000\040\006\062\006\105\006\047\006\106\006\314}{section.4}% 13
\BOOKMARK [2][-]{subsection.4.4}{\376\377\006\176\006\314\006\047\006\057\006\107\040\014\006\063\006\047\006\062\006\314}{section.4}% 14
\BOOKMARK [3][-]{subsubsection.4.4.1}{\376\377\006\105\006\057\006\104\000\040\006\361\000:\000\040\006\057\006\314\006\106\006\047\006\105\006\314\006\251\000\040\006\056\006\067\006\314\000\040\006\050\006\057\006\110\006\106\000\040\006\251\006\106\006\052\006\061\006\104}{subsection.4.4}% 15
\BOOKMARK [3][-]{subsubsection.4.4.2}{\376\377\006\105\006\057\006\104\000\040\006\362\000:\000\040\006\057\006\314\006\106\006\047\006\105\006\314\006\251\000\040\006\056\006\067\006\314\000\040\006\107\006\105\006\061\006\047\006\107\000\040\006\050\006\047\000\040\006\251\006\106\006\052\006\061\006\104}{subsection.4.4}% 16
\BOOKMARK [3][-]{subsubsection.4.4.3}{\376\377\006\105\006\057\006\104\000\040\006\363\000:\000\040\006\057\006\314\006\106\006\047\006\105\006\314\006\251\000\040\006\056\006\067\006\314\000\040\006\055\006\063\006\047\006\063\000\040\006\050\006\107\000\040\006\062\006\105\006\047\006\106}{subsection.4.4}% 17
\BOOKMARK [3][-]{subsubsection.4.4.4}{\376\377\006\105\006\057\006\104\000\040\006\364\000:\000\040\006\057\006\314\006\106\006\047\006\105\006\314\006\251\000\040\006\056\006\067\006\314\000\040\006\050\006\047\000\040\006\105\006\047\006\052\006\061\006\314\006\063\000\040\006\206\006\257\006\047\006\104}{subsection.4.4}% 18
\BOOKMARK [1][-]{section.5}{\376\377\006\101\006\314\006\104\006\052\006\061\000\040\006\251\006\047\006\104\006\105\006\106\000\040\006\052\006\071\006\105\006\314\006\105\040\014\006\314\006\047\006\101\006\052\006\107}{}% 19
\BOOKMARK [2][-]{subsection.5.1}{\376\377\006\052\006\071\006\061\006\314\006\101}{section.5}% 20
\BOOKMARK [2][-]{subsection.5.2}{\376\377\006\176\006\314\006\047\006\057\006\107\040\014\006\063\006\047\006\062\006\314}{section.5}% 21
\BOOKMARK [3][-]{subsubsection.5.2.1}{\376\377\006\105\006\057\006\104\000\040\006\365\000:\000\040\006\057\006\314\006\106\006\047\006\105\006\314\006\251\000\040\006\057\006\061\006\054\006\107\000\040\006\362\000\040\006\050\006\057\006\110\006\106\000\040\006\251\006\106\006\052\006\061\006\104}{subsection.5.2}% 22
\BOOKMARK [3][-]{subsubsection.5.2.2}{\376\377\006\105\006\057\006\104\000\040\006\366\000:\000\040\006\057\006\314\006\106\006\047\006\105\006\314\006\251\000\040\006\057\006\061\006\054\006\107\000\040\006\362\000\040\006\107\006\105\006\061\006\047\006\107\000\040\006\050\006\047\000\040\006\251\006\106\006\052\006\061\006\104\000\040\006\056\006\067\006\314}{subsection.5.2}% 23
\BOOKMARK [3][-]{subsubsection.5.2.3}{\376\377\006\105\006\057\006\104\000\040\006\367\000:\000\040\006\057\006\314\006\106\006\047\006\105\006\314\006\251\000\040\006\064\006\050\006\251\006\107\000\040\006\071\006\065\006\050\006\314}{subsection.5.2}% 24
\BOOKMARK [3][-]{subsubsection.5.2.4}{\376\377\006\105\006\057\006\104\000\040\006\370\000:\000\040\006\057\006\314\006\106\006\047\006\105\006\314\006\251\000\040\006\105\006\064\006\052\006\102\040\014\006\106\006\047\006\176\006\060\006\314\006\061}{subsection.5.2}% 25
\BOOKMARK [1][-]{section.6}{\376\377\006\101\006\314\006\104\006\052\006\061\000\040\006\251\006\047\006\104\006\105\006\106\000\040\006\063\006\061\006\314\006\071}{}% 26
\BOOKMARK [1][-]{section.7}{\376\377\006\101\006\314\006\104\006\052\006\061\000\040\006\251\006\047\006\104\006\105\006\106\000\040\006\050\006\047\000\040\006\206\006\106\006\057\000\040\006\105\006\057\006\104}{}% 27
\BOOKMARK [2][-]{subsection.7.1}{\376\377\006\054\006\105\006\071\040\014\006\050\006\106\006\057\006\314\000\040\006\105\006\057\006\104\040\014\006\107\006\047\006\314\000\040\006\047\006\061\006\047\006\314\006\107\000\040\006\064\006\057\006\107}{section.7}% 28
\BOOKMARK [2][-]{subsection.7.2}{\376\377\006\052\006\071\006\105\006\314\006\105\000\040\006\101\006\314\006\104\006\052\006\061\000\040\006\251\006\047\006\104\006\105\006\106\000\040\006\050\006\107\000\040\006\206\006\106\006\057\000\040\006\105\006\057\006\104\000\040\006\105\006\110\006\047\006\062\006\314}{section.7}% 29
\BOOKMARK [3][-]{subsubsection.7.2.1}{\376\377\006\052\006\071\006\105\006\314\006\105\000\040\006\066\006\061\006\047\006\314\006\050\000\040\006\251\006\047\006\104\006\105\006\106}{subsection.7.2}% 30
\BOOKMARK [3][-]{subsubsection.7.2.2}{\376\377\006\052\006\061\006\251\006\314\006\050\000\040\006\206\006\106\006\057\000\040\006\101\006\314\006\104\006\052\006\061}{subsection.7.2}% 31
\BOOKMARK [1][-]{section.8}{\376\377\006\047\006\061\006\054\006\047\006\071\000\040\006\110\000\040\006\105\006\106\006\047\006\050\006\071}{}% 32
